e:\code\pe\usb_ude_sample-master\usb_ude_sample-master\udefx2\x64\debug\vc143.pdb
e:\code\pe\usb_ude_sample-master\usb_ude_sample-master\udefx2\x64\debug\usbdevice.obj
e:\code\pe\usb_ude_sample-master\usb_ude_sample-master\udefx2\x64\debug\usbcom.obj
e:\code\pe\usb_ude_sample-master\usb_ude_sample-master\udefx2\x64\debug\misc.obj
e:\code\pe\usb_ude_sample-master\usb_ude_sample-master\udefx2\x64\debug\driver.obj
e:\code\pe\usb_ude_sample-master\usb_ude_sample-master\udefx2\x64\debug\device.obj
e:\code\pe\usb_ude_sample-master\usb_ude_sample-master\udefx2\x64\debug\backchannel.obj
e:\code\pe\usb_ude_sample-master\usb_ude_sample-master\udefx2\x64\debug\udefx2.sys
e:\code\pe\usb_ude_sample-master\usb_ude_sample-master\udefx2\x64\debug\udefx2.pdb
e:\code\pe\usb_ude_sample-master\usb_ude_sample-master\udefx2\x64\debug\udefx2.inf
e:\code\pe\usb_ude_sample-master\usb_ude_sample-master\udefx2\x64\debug\backchannel.tmh
e:\code\pe\usb_ude_sample-master\usb_ude_sample-master\udefx2\x64\debug\device.tmh
e:\code\pe\usb_ude_sample-master\usb_ude_sample-master\udefx2\x64\debug\driver.tmh
e:\code\pe\usb_ude_sample-master\usb_ude_sample-master\udefx2\x64\debug\misc.tmh
e:\code\pe\usb_ude_sample-master\usb_ude_sample-master\udefx2\x64\debug\usbcom.tmh
e:\code\pe\usb_ude_sample-master\usb_ude_sample-master\udefx2\x64\debug\usbdevice.tmh
e:\code\pe\usb_ude_sample-master\usb_ude_sample-master\udefx2\x64\debug\udefx2.tlog\cl.command.1.tlog
e:\code\pe\usb_ude_sample-master\usb_ude_sample-master\udefx2\x64\debug\udefx2.tlog\cl.read.1.tlog
e:\code\pe\usb_ude_sample-master\usb_ude_sample-master\udefx2\x64\debug\udefx2.tlog\cl.write.1.tlog
e:\code\pe\usb_ude_sample-master\usb_ude_sample-master\udefx2\x64\debug\udefx2.tlog\link.command.1.tlog
e:\code\pe\usb_ude_sample-master\usb_ude_sample-master\udefx2\x64\debug\udefx2.tlog\link.read.1.tlog
e:\code\pe\usb_ude_sample-master\usb_ude_sample-master\udefx2\x64\debug\udefx2.tlog\link.write.1.tlog
e:\code\pe\usb_ude_sample-master\usb_ude_sample-master\udefx2\x64\debug\udefx2.tlog\signtool.command.1.tlog
e:\code\pe\usb_ude_sample-master\usb_ude_sample-master\udefx2\x64\debug\udefx2.tlog\signtool.timestamp.1.tlog
e:\code\pe\usb_ude_sample-master\usb_ude_sample-master\udefx2\x64\debug\udefx2.tlog\stampinf.command.1.tlog
e:\code\pe\usb_ude_sample-master\usb_ude_sample-master\udefx2\x64\debug\udefx2.tlog\stampinf.read.1.tlog
e:\code\pe\usb_ude_sample-master\usb_ude_sample-master\udefx2\x64\debug\udefx2.tlog\stampinf.write.1.tlog
e:\code\pe\usb_ude_sample-master\usb_ude_sample-master\udefx2\x64\debug\udefx2.tlog\tracewpp.command.1.tlog
e:\code\pe\usb_ude_sample-master\usb_ude_sample-master\udefx2\x64\debug\udefx2.tlog\tracewpp.read.1.tlog
e:\code\pe\usb_ude_sample-master\usb_ude_sample-master\udefx2\x64\debug\udefx2.tlog\tracewpp.write.1.tlog
